This is pdfTeX, Version 3.14159265-2.6-1.40.15 (TeX Live 2014/W32TeX) (preloaded format=pdflatex 2014.11.27)  29 NOV 2014 00:01
entering extended mode
 restricted \write18 enabled.
 %&-line parsing enabled.
**demo.tex
(./demo.tex
LaTeX2e <2014/05/01>
Babel <3.9l> and hyphenation patterns for 79 languages loaded.
(./uclathes.cls
Document Class: uclathes 2012/05/02, 2.0
UCLA 2.0 port copyright (C) 2012 by Jose Hales-Garcia.
Please send bug reports and graduation notices to <jolohaga@me.com>.
LaTeX2e port copyright (C) 1995 by John Heidemann.
Copyright (C) 1988 by Richard B. Wales, copyright (C) 1985 by Leslie Lamport.
(c:/texlive/2014/texmf-dist/tex/latex/base/ifthen.sty
Package: ifthen 2014/09/29 v1.1c Standard LaTeX ifthen package (DPC)
) (./uclathma.clo
File: uclathma 2012/05/03, 2.0
)
(./uclath12.clo
File: uclath12.clo 2012/05/03, 2.0
)
\descriptionmargin=\dimen102
\c@part=\count79
\c@chapter=\count80
\c@section=\count81
\c@subsection=\count82
\c@subsubsection=\count83
\c@paragraph=\count84
\c@subparagraph=\count85
\c@figure=\count86
\c@table=\count87
 (./uclathti.clo
File: uclathti 2012/05/03, 2.0
\c@chairs=\count88
\c@members=\count89
\c@vitaitems=\count90
\c@publications=\count91
))
(c:/texlive/2014/texmf-dist/tex/latex/graphics/graphicx.sty
Package: graphicx 2014/10/28 v1.0g Enhanced LaTeX Graphics (DPC,SPQR)

(c:/texlive/2014/texmf-dist/tex/latex/graphics/keyval.sty
Package: keyval 2014/10/28 v1.15 key=value parser (DPC)
\KV@toks@=\toks14
)
(c:/texlive/2014/texmf-dist/tex/latex/graphics/graphics.sty
Package: graphics 2014/10/28 v1.0p Standard LaTeX Graphics (DPC,SPQR)

(c:/texlive/2014/texmf-dist/tex/latex/graphics/trig.sty
Package: trig 1999/03/16 v1.09 sin cos tan (DPC)
)
(c:/texlive/2014/texmf-dist/tex/latex/latexconfig/graphics.cfg
File: graphics.cfg 2010/04/23 v1.9 graphics configuration of TeX Live
)
Package graphics Info: Driver file: pdftex.def on input line 91.

(c:/texlive/2014/texmf-dist/tex/latex/pdftex-def/pdftex.def
File: pdftex.def 2011/05/27 v0.06d Graphics/color for pdfTeX

(c:/texlive/2014/texmf-dist/tex/generic/oberdiek/infwarerr.sty
Package: infwarerr 2010/04/08 v1.3 Providing info/warning/error messages (HO)
)
(c:/texlive/2014/texmf-dist/tex/generic/oberdiek/ltxcmds.sty
Package: ltxcmds 2011/11/09 v1.22 LaTeX kernel commands for general use (HO)
)
\Gread@gobject=\count92
))
\Gin@req@height=\dimen103
\Gin@req@width=\dimen104
)
(./publications.tex) (./demo.aux)
\openout1 = `demo.aux'.

LaTeX Font Info:    Checking defaults for OML/cmm/m/it on input line 97.
LaTeX Font Info:    ... okay on input line 97.
LaTeX Font Info:    Checking defaults for T1/cmr/m/n on input line 97.
LaTeX Font Info:    ... okay on input line 97.
LaTeX Font Info:    Checking defaults for OT1/cmr/m/n on input line 97.
LaTeX Font Info:    ... okay on input line 97.
LaTeX Font Info:    Checking defaults for OMS/cmsy/m/n on input line 97.
LaTeX Font Info:    ... okay on input line 97.
LaTeX Font Info:    Checking defaults for OMX/cmex/m/n on input line 97.
LaTeX Font Info:    ... okay on input line 97.
LaTeX Font Info:    Checking defaults for U/cmr/m/n on input line 97.
LaTeX Font Info:    ... okay on input line 97.

(c:/texlive/2014/texmf-dist/tex/context/base/supp-pdf.mkii
[Loading MPS to PDF converter (version 2006.09.02).]
\scratchcounter=\count93
\scratchdimen=\dimen105
\scratchbox=\box26
\nofMPsegments=\count94
\nofMParguments=\count95
\everyMPshowfont=\toks15
\MPscratchCnt=\count96
\MPscratchDim=\dimen106
\MPnumerator=\count97
\makeMPintoPDFobject=\count98
\everyMPtoPDFconversion=\toks16
) (c:/texlive/2014/texmf-dist/tex/generic/oberdiek/pdftexcmds.sty
Package: pdftexcmds 2011/11/29 v0.20 Utility functions of pdfTeX for LuaTeX (HO
)

(c:/texlive/2014/texmf-dist/tex/generic/oberdiek/ifluatex.sty
Package: ifluatex 2010/03/01 v1.3 Provides the ifluatex switch (HO)
Package ifluatex Info: LuaTeX not detected.
)
(c:/texlive/2014/texmf-dist/tex/generic/oberdiek/ifpdf.sty
Package: ifpdf 2011/01/30 v2.3 Provides the ifpdf switch (HO)
Package ifpdf Info: pdfTeX in PDF mode is detected.
)
Package pdftexcmds Info: LuaTeX not detected.
Package pdftexcmds Info: \pdf@primitive is available.
Package pdftexcmds Info: \pdf@ifprimitive is available.
Package pdftexcmds Info: \pdfdraftmode found.
)
(c:/texlive/2014/texmf-dist/tex/latex/oberdiek/epstopdf-base.sty
Package: epstopdf-base 2010/02/09 v2.5 Base part for package epstopdf

(c:/texlive/2014/texmf-dist/tex/latex/oberdiek/grfext.sty
Package: grfext 2010/08/19 v1.1 Manage graphics extensions (HO)

(c:/texlive/2014/texmf-dist/tex/generic/oberdiek/kvdefinekeys.sty
Package: kvdefinekeys 2011/04/07 v1.3 Define keys (HO)
))
(c:/texlive/2014/texmf-dist/tex/latex/oberdiek/kvoptions.sty
Package: kvoptions 2011/06/30 v3.11 Key value format for package options (HO)

(c:/texlive/2014/texmf-dist/tex/generic/oberdiek/kvsetkeys.sty
Package: kvsetkeys 2012/04/25 v1.16 Key value parser (HO)

(c:/texlive/2014/texmf-dist/tex/generic/oberdiek/etexcmds.sty
Package: etexcmds 2011/02/16 v1.5 Avoid name clashes with e-TeX commands (HO)
Package etexcmds Info: Could not find \expanded.
(etexcmds)             That can mean that you are not using pdfTeX 1.50 or
(etexcmds)             that some package has redefined \expanded.
(etexcmds)             In the latter case, load this package earlier.
)))
Package grfext Info: Graphics extension search list:
(grfext)             [.png,.pdf,.jpg,.mps,.jpeg,.jbig2,.jb2,.PNG,.PDF,.JPG,.JPE
G,.JBIG2,.JB2,.eps]
(grfext)             \AppendGraphicsExtensions on input line 452.

(c:/texlive/2014/texmf-dist/tex/latex/latexconfig/epstopdf-sys.cfg
File: epstopdf-sys.cfg 2010/07/13 v1.3 Configuration of (r)epstopdf for TeX Liv
e
)) [0


{c:/texlive/2014/texmf-var/fonts/map/pdftex/updmap/pdftex.map}]
LaTeX Font Info:    Try loading font information for OMS+cmr on input line 98.

(c:/texlive/2014/texmf-dist/tex/latex/base/omscmr.fd
File: omscmr.fd 2014/09/29 v2.5h Standard LaTeX font definitions
)
LaTeX Font Info:    Font shape `OMS/cmr/m/n' in size <12> not available
(Font)              Font shape `OMS/cmsy/m/n' tried instead on input line 98.
 [1

] [2

] [3] [4

] [5

]
(./demo.toc
LaTeX Font Info:    External font `cmex10' loaded for size
(Font)              <12> on input line 1.
LaTeX Font Info:    External font `cmex10' loaded for size
(Font)              <8> on input line 1.
LaTeX Font Info:    External font `cmex10' loaded for size
(Font)              <6> on input line 1.

Overfull \hbox (10.0958pt too wide) in paragraph at lines 1--1
[]\OT1/cmr/bx/n/12 High-Speed Nanometer-Resolved Imag-ing Vi-brom-e-ter & Ve-lo
cime- 
 []

)
\tf@toc=\write3
\openout3 = `demo.toc'.

 [6

] (./demo.lof
Overfull \hbox (4.9196pt too wide) in paragraph at lines 4--4
 [][] []\OT1/cmr/m/n/12 Surface vi-bra-tion of the acous-tic di-aphragm cap-tur
ed by the STEAM 
 []

)
\tf@lof=\write4
\openout4 = `demo.lof'.

 [7

] (./demo.lot)
\tf@lot=\write5
\openout5 = `demo.lot'.

 [8

]
Missing character: There is no ‚ in font cmr12!
Missing character: There is no Ä in font cmr12!
Missing character: There is no ô in font cmr12!
 [9] [10]
Underfull \hbox (badness 7064) in paragraph at lines 98--98
[]\OT1/cmr/m/n/12 Teaching As-so-ciate, Elec-tri-cal En-gi-neer-ing De-part-men
t,
 []


Overfull \hbox (2.38628pt too wide) in paragraph at lines 98--98
[]
 []


Overfull \hbox (2.38628pt too wide) in paragraph at lines 98--98
[]
 []


Overfull \hbox (2.38628pt too wide) in paragraph at lines 98--98
[]
 []


Overfull \hbox (2.38628pt too wide) in paragraph at lines 98--98
[]
 []


Overfull \hbox (2.38628pt too wide) in paragraph at lines 98--98
[]
 []


Overfull \hbox (2.38628pt too wide) in paragraph at lines 98--98
[]
 []


Overfull \hbox (2.38628pt too wide) in paragraph at lines 98--98
[]
 []


Underfull \hbox (badness 10000) in paragraph at lines 98--98

 []

[11

] [12]
Overfull \hbox (2.09366pt too wide) in paragraph at lines 98--98
\OT1/cmr/m/it/12 Through-put Sin-gle Cell Imag-ing,\OT1/cmr/m/n/12 '' Fron-tier
s in Op-tics, Or-lando, FL, 2013, FW1D.2. 
 []

[13] [14] [15] (./APL_2011/APL_2011.tex
CHAPTER 1.
[1

]
Missing character: There is no ‚ in font cmr12!
Missing character: There is no Ä in font cmr12!
Missing character: There is no ì in font cmr12!
Missing character: There is no ‚ in font cmr12!
Missing character: There is no Ä in font cmr12!
Missing character: There is no ì in font cmr12!
Missing character: There is no ‚ in font cmr12!
Missing character: There is no Ä in font cmr12!
Missing character: There is no ô in font cmr12!

Overfull \hbox (7.50839pt too wide) in paragraph at lines 13--14
\OT1/cmr/m/n/12 achieves high-speed imaging-based sur-face vi-bra-tion mea-sure
-ments with nanometer-
 []

[2] <APL_2011/Figure1.png, id=66, 326.2005pt x 267.399pt>
File: APL_2011/Figure1.png Graphic file (type png)

<use APL_2011/Figure1.png>
Package pdftex.def Info: APL_2011/Figure1.png used on input line 19.
(pdftex.def)             Requested size: 326.19969pt x 267.39835pt.
 [3] [4 <./APL_2011/Figure1.png>]
Missing character: There is no Ô in font cmr12!
Missing character: There is no Å in font cmr12!
Missing character: There is no Ñ in font cmr12!
Missing character: There is no Ô in font cmr12!
Missing character: There is no Å in font cmr12!
Missing character: There is no ¨ in font cmr12!
Missing character: There is no ‚ in font cmr12!
Missing character: There is no à in font cmr12!
Missing character: There is no ô in font cmr12!
Missing character: There is no Œ in font cmr12!
Missing character: There is no î in font cmr12!
Missing character: There is no Œ in font cmr12!
Missing character: There is no ª in font cmr12!
Missing character: There is no ‚ in font cmr12!
Missing character: There is no à in font cmr12!
Missing character: There is no ô in font cmr12!
Missing character: There is no Ô in font cmr12!
Missing character: There is no Å in font cmr12!
Missing character: There is no Ñ in font cmr12!
Missing character: There is no Ô in font cmr12!
Missing character: There is no É in font cmr12!
Missing character: There is no ó in font cmr12!
Missing character: There is no Ô in font cmr12!
Missing character: There is no É in font cmr12!
Missing character: There is no ó in font cmr12!
Missing character: There is no Ô in font cmr12!
Missing character: There is no Å in font cmr12!
Missing character: There is no Ñ in font cmr12!
Missing character: There is no Ô in font cmr12!
Missing character: There is no É in font cmr12!
Missing character: There is no ó in font cmr12!
Missing character: There is no Ô in font cmr12!
Missing character: There is no Å in font cmr12!
Missing character: There is no ∞ in font cmr12!
Missing character: There is no Ô in font cmr12!
Missing character: There is no Å in font cmr12!
Missing character: There is no Ñ in font cmr12!

<APL_2011/Figure2.png, id=76, 325.215pt x 423.4365pt>
File: APL_2011/Figure2.png Graphic file (type png)

<use APL_2011/Figure2.png>
Package pdftex.def Info: APL_2011/Figure2.png used on input line 32.
(pdftex.def)             Requested size: 325.2142pt x 423.43546pt.
 [5] [6 <./APL_2011/Figure2.png>]
<APL_2011/Figure3.png, id=83, 325.215pt x 227.6505pt>
File: APL_2011/Figure3.png Graphic file (type png)

<use APL_2011/Figure3.png>
Package pdftex.def Info: APL_2011/Figure3.png used on input line 41.
(pdftex.def)             Requested size: 325.2142pt x 227.64993pt.

<APL_2011/Figure4.png, id=84, 325.215pt x 227.6505pt>
File: APL_2011/Figure4.png Graphic file (type png)

<use APL_2011/Figure4.png>
Package pdftex.def Info: APL_2011/Figure4.png used on input line 50.
(pdftex.def)             Requested size: 325.2142pt x 227.64993pt.
) (./demo.bbl [7 <./APL_2011/Figure3.png>] [8 <./APL_2011/Figure4.png>]) [9

] (./demo.aux) ) 
Here is how much of TeX's memory you used:
 1751 strings out of 493109
 24081 string characters out of 6138580
 101141 words of memory out of 5000000
 5189 multiletter control sequences out of 15000+600000
 9195 words of font info for 32 fonts, out of 8000000 for 9000
 1141 hyphenation exceptions out of 8191
 37i,10n,23p,1274b,217s stack positions out of 5000i,500n,10000p,200000b,80000s
<c:/texlive/2014/texmf-dist/fonts/type1/public/amsfonts/cm/cmbx
12.pfb><c:/texlive/2014/texmf-dist/fonts/type1/public/amsfonts/cm/cmcsc10.pfb><
c:/texlive/2014/texmf-dist/fonts/type1/public/amsfonts/cm/cmmi12.pfb><c:/texliv
e/2014/texmf-dist/fonts/type1/public/amsfonts/cm/cmr12.pfb><c:/texlive/2014/tex
mf-dist/fonts/type1/public/amsfonts/cm/cmsl12.pfb><c:/texlive/2014/texmf-dist/f
onts/type1/public/amsfonts/cm/cmsy10.pfb><c:/texlive/2014/texmf-dist/fonts/type
1/public/amsfonts/cm/cmti12.pfb>
Output written on demo.pdf (25 pages, 836084 bytes).
PDF statistics:
 119 PDF objects out of 1000 (max. 8388607)
 79 compressed objects within 1 object stream
 0 named destinations out of 1000 (max. 500000)
 21 words of extra memory for PDF output out of 10000 (max. 10000000)

