This is pdfeTeX, Version 3.141592-1.21a-2.2 (Web2C 7.5.4) (format=latex 2011.6.21)  27 NOV 2013 11:32
entering extended mode
**thesis.tex
(./thesis.tex
LaTeX2e <2003/12/01>
Babel <v3.8d> and hyphenation patterns for american, french, german, ngerman, b
ahasa, basque, bulgarian, catalan, croatian, czech, danish, dutch, esperanto, e
stonian, finnish, greek, icelandic, irish, italian, latin, magyar, norsk, polis
h, portuges, romanian, russian, serbian, slovak, slovene, spanish, swedish, tur
kish, ukrainian, nohyphenation, loaded.
(./uclathes.cls
Document Class: uclathes 1995/05/11, 1.0
LaTeX2e port copyright (C) 1995 by John Heidemann.
Copyright (C) 1988 by Richard B. Wales, copyright (C) 1985 by Leslie Lamport.
Please send bug reports and graduation notices to <johnh@ficus.cs.ucla.edu>.
(/usr/share/texmf/tex/latex/base/ifthen.sty
Package: ifthen 2001/05/26 v1.1c Standard LaTeX ifthen package (DPC)
) (./uclathma.clo
File: uclathma 1995/08/25, 1.0 beta
) (./uclath12.clo
File: uclath12.clo 1995/05/11, 1.0 beta
)
\descriptionmargin=\dimen102
\c@part=\count79
\c@chapter=\count80
\c@section=\count81
\c@subsection=\count82
\c@subsubsection=\count83
\c@paragraph=\count84
\c@subparagraph=\count85
\c@figure=\count86
\c@table=\count87

(./uclathti.clo
File: uclathti 1995/05/11, 1.0 beta
\c@chairs=\count88
\c@members=\count89
\c@vitaitems=\count90
\c@publications=\count91
)) (/usr/share/texmf/tex/latex/amsmath/amsmath.sty
Package: amsmath 2000/07/18 v2.13 AMS math features
\@mathmargin=\skip41

For additional information on amsmath, use the `?' option.
(/usr/share/texmf/tex/latex/amsmath/amstext.sty
Package: amstext 2000/06/29 v2.01

(/usr/share/texmf/tex/latex/amsmath/amsgen.sty
File: amsgen.sty 1999/11/30 v2.0
\@emptytoks=\toks14
\ex@=\dimen103
))
(/usr/share/texmf/tex/latex/amsmath/amsbsy.sty
Package: amsbsy 1999/11/29 v1.2d
\pmbraise@=\dimen104
)
(/usr/share/texmf/tex/latex/amsmath/amsopn.sty
Package: amsopn 1999/12/14 v2.01 operator names
)
\inf@bad=\count92
LaTeX Info: Redefining \frac on input line 211.
\uproot@=\count93
\leftroot@=\count94
LaTeX Info: Redefining \overline on input line 307.
\classnum@=\count95
\DOTSCASE@=\count96
LaTeX Info: Redefining \ldots on input line 379.
LaTeX Info: Redefining \dots on input line 382.
LaTeX Info: Redefining \cdots on input line 467.
\Mathstrutbox@=\box26
\strutbox@=\box27
\big@size=\dimen105
LaTeX Font Info:    Redeclaring font encoding OML on input line 567.
LaTeX Font Info:    Redeclaring font encoding OMS on input line 568.
\macc@depth=\count97
\c@MaxMatrixCols=\count98
\dotsspace@=\muskip10
\c@parentequation=\count99
\dspbrk@lvl=\count100
\tag@help=\toks15
\row@=\count101
\column@=\count102
\maxfields@=\count103
\andhelp@=\toks16
\eqnshift@=\dimen106
\alignsep@=\dimen107
\tagshift@=\dimen108
\tagwidth@=\dimen109
\totwidth@=\dimen110
\lineht@=\dimen111
\@envbody=\toks17
\multlinegap=\skip42
\multlinetaggap=\skip43
\mathdisplay@stack=\toks18
LaTeX Info: Redefining \[ on input line 2666.
LaTeX Info: Redefining \] on input line 2667.
)
(/usr/share/texmf/tex/latex/graphics/epsfig.sty
Package: epsfig 1999/02/16 v1.7a (e)psfig emulation (SPQR)

(/usr/share/texmf/tex/latex/graphics/graphicx.sty
Package: graphicx 1999/02/16 v1.0f Enhanced LaTeX Graphics (DPC,SPQR)

(/usr/share/texmf/tex/latex/graphics/keyval.sty
Package: keyval 1999/03/16 v1.13 key=value parser (DPC)
\KV@toks@=\toks19
)
(/usr/share/texmf/tex/latex/graphics/graphics.sty
Package: graphics 2001/07/07 v1.0n Standard LaTeX Graphics (DPC,SPQR)

(/usr/share/texmf/tex/latex/graphics/trig.sty
Package: trig 1999/03/16 v1.09 sin cos tan (DPC)
)
(/usr/share/texmf/tex/latex/graphics/graphics.cfg
File: graphics.cfg 2005/02/03 v1.3 graphics configuration of teTeX/TeXLive
)
Package graphics Info: Driver file: dvips.def on input line 80.

(/usr/share/texmf/tex/latex/graphics/dvips.def
File: dvips.def 1999/02/16 v3.0i Driver-dependant file (DPC,SPQR)
))
\Gin@req@height=\dimen112
\Gin@req@width=\dimen113
)
\epsfxsize=\dimen114
\epsfysize=\dimen115
)
(/usr/share/texmf/tex/latex/tools/verbatim.sty
Package: verbatim 2003/08/22 v1.5q LaTeX2e package for verbatim enhancements
\every@verbatim=\toks20
\verbatim@line=\toks21
\verbatim@in@stream=\read1
)
(/usr/share/texmf/tex/latex/amsfonts/amssymb.sty
Package: amssymb 2002/01/22 v2.2d

(/usr/share/texmf/tex/latex/amsfonts/amsfonts.sty
Package: amsfonts 2001/10/25 v2.2f
\symAMSa=\mathgroup4
\symAMSb=\mathgroup5
LaTeX Font Info:    Overwriting math alphabet `\mathfrak' in version `bold'
(Font)                  U/euf/m/n --> U/euf/b/n on input line 132.
))
(/usr/share/texmf/tex/latex/tools/array.sty
Package: array 2003/12/17 v2.4a Tabular extension package (FMi)
\col@sep=\dimen116
\extrarowheight=\dimen117
\NC@list=\toks22
\extratabsurround=\skip44
\backup@length=\skip45
)
(/usr/share/texmf/tex/latex/boxedminipage/boxedminipage.sty) (./mathdots.sty
Package: mathdots 2003/09/30 version 0.5.
\MD@unit=\dimen118
)
(/usr/share/texmf/tex/latex/graphics/color.sty
Package: color 1999/02/16 v1.0i Standard LaTeX Color (DPC)

(/usr/share/texmf/tex/latex/graphics/color.cfg
File: color.cfg 2005/02/03 v1.3 color configuration of teTeX/TeXLive
)
Package color Info: Driver file: dvips.def on input line 125.

(/usr/share/texmf/tex/latex/graphics/dvipsnam.def
File: dvipsnam.def 1999/02/16 v3.0i Driver-dependant file (DPC,SPQR)
))
(/usr/share/texmf/tex/latex/rotating/rotating.sty
Package: rotating 1997/09/26 v2.13 Rotation package
\c@r@tfl@t=\count104
\rot@float@box=\box28
)
(/usr/share/texmf/tex/latex/tools/longtable.sty
Package: longtable 2004/02/01 v4.11 Multi-page Table package (DPC)
\LTleft=\skip46
\LTright=\skip47
\LTpre=\skip48
\LTpost=\skip49
\LTchunksize=\count105
\LTcapwidth=\dimen119
\LT@head=\box29
\LT@firsthead=\box30
\LT@foot=\box31
\LT@lastfoot=\box32
\LT@cols=\count106
\LT@rows=\count107
\c@LT@tables=\count108
\c@LT@chunks=\count109
\LT@p@ftn=\toks23
)
(/usr/share/texmf/tex/latex/multirow/multirow.sty
\bigstrutjot=\dimen120
)
(/usr/share/texmf/tex/latex/subfigure/subfigure.sty
Package: subfigure 2002/07/30 v2.1.4 subfigure package
\subfigtopskip=\skip50
\subfigcapskip=\skip51
\subfigcaptopadj=\dimen121
\subfigbottomskip=\skip52
\subfigcapmargin=\dimen122
\subfiglabelskip=\skip53
\c@subfigure=\count110
\c@lofdepth=\count111
\c@subtable=\count112
\c@lotdepth=\count113

****************************************
* Local config file subfigure.cfg used *
****************************************
(/usr/share/texmf/tex/latex/subfigure/subfigure.cfg)
\subfig@top=\skip54
\subfig@bottom=\skip55
)
(/usr/share/texmf/tex/latex/units/units.sty
Package: units 1998/08/04 v0.9b Typesetting units

(/usr/share/texmf/tex/latex/units/nicefrac.sty
Package: nicefrac 1998/08/04 v0.9b Nice fractions
\L@UnitsRaiseDisplaystyle=\skip56
\L@UnitsRaiseTextstyle=\skip57
\L@UnitsRaiseScriptstyle=\skip58
)) (./mymacros.tex) (./mydefs.tex)
\c@thm=\count114
 (./thesis.aux

LaTeX Warning: Label `fig:die' multiply defined.


LaTeX Warning: Label `fig:nf' multiply defined.

)
\openout1 = `thesis.aux'.

LaTeX Font Info:    Checking defaults for OML/cmm/m/it on input line 132.
LaTeX Font Info:    ... okay on input line 132.
LaTeX Font Info:    Checking defaults for T1/cmr/m/n on input line 132.
LaTeX Font Info:    ... okay on input line 132.
LaTeX Font Info:    Checking defaults for OT1/cmr/m/n on input line 132.
LaTeX Font Info:    ... okay on input line 132.
LaTeX Font Info:    Checking defaults for OMS/cmsy/m/n on input line 132.
LaTeX Font Info:    ... okay on input line 132.
LaTeX Font Info:    Checking defaults for OMX/cmex/m/n on input line 132.
LaTeX Font Info:    ... okay on input line 132.
LaTeX Font Info:    Checking defaults for U/cmr/m/n on input line 132.
LaTeX Font Info:    ... okay on input line 132.
 [0


]
LaTeX Font Info:    Try loading font information for OMS+cmr on input line 133.

 (/usr/share/texmf/tex/latex/base/omscmr.fd
File: omscmr.fd 1999/05/25 v2.5h Standard LaTeX font definitions
)
LaTeX Font Info:    Font shape `OMS/cmr/m/n' in size <12> not available
(Font)              Font shape `OMS/cmsy/m/n' tried instead on input line 133.
 [1

] [2

] [3] [4

] [5

]
(./thesis.toc
LaTeX Font Info:    Try loading font information for U+msa on input line 1.
 (/usr/share/texmf/tex/latex/amsfonts/umsa.fd
File: umsa.fd 2002/01/19 v2.2g AMS font definitions
)
LaTeX Font Info:    Try loading font information for U+msb on input line 1.

(/usr/share/texmf/tex/latex/amsfonts/umsb.fd
File: umsb.fd 2002/01/19 v2.2g AMS font definitions
) [6

] [7])
\tf@toc=\write3
\openout3 = `thesis.toc'.

 [8] (./thesis.lof
[9

] [10] [11])
\tf@lof=\write4
\openout4 = `thesis.lof'.

 [12] (./thesis.lot)
\tf@lot=\write5
\openout5 = `thesis.lot'.

 [13

] [14] [15]
Underfull \hbox (badness 10000) in paragraph at lines 133--133

 []

[16

] (./ch1.tex
CHAPTER 1.
) (./ch2.tex [1

] [2]
CHAPTER 2.
[3

]
File: FIGS/CH2/fig1a.ps Graphic file (type eps)
 <FIGS/CH2/fig1a.ps>
File: FIGS/CH2/fig1b.eps Graphic file (type eps)
 <FIGS/CH2/fig1b.eps>
File: FIGS/b.ps Graphic file (type eps)
 <FIGS/b.ps> [4] [5]
File: FIGS/CH2/fig2.ps Graphic file (type eps)

<FIGS/CH2/fig2.ps> [6]
File: FIGS/CH2/fig3.ps Graphic file (type eps)
 <FIGS/CH2/fig3.ps> [7]
File: FIGS/CH2/fig4.ps Graphic file (type eps)
 <FIGS/CH2/fig4.ps> [8] [9]
File: FIGS/CH2/fig5.ps Graphic file (type eps)

<FIGS/CH2/fig5.ps> [10]
File: FIGS/CH2/fig6.ps Graphic file (type eps)
 <FIGS/CH2/fig6.ps>
File: FIGS/CH2/fig7.ps Graphic file (type eps)
 <FIGS/CH2/fig7.ps> [11] [12]
[13] [14]
File: FIGS/CH2/fig8.ps Graphic file (type eps)
 <FIGS/CH2/fig8.ps> [15]
File: FIGS/CH2/fig9.ps Graphic file (type eps)
 <FIGS/CH2/fig9.ps> [16] [17] [18] [19]
File: FIGS/CH2/fig10.ps Graphic file (type eps)

<FIGS/CH2/fig10.ps> [20] [21] [22] [23] [24] [25]
File: FIGS/CH2/fig11.eps Graphic file (type eps)
 <FIGS/CH2/fig11.eps>
File: FIGS/CH2/fig12.eps Graphic file (type eps)

<FIGS/CH2/fig12.eps> [26] [27] [28]
File: FIGS/CH2/fig13.eps Graphic file (type eps)
 <FIGS/CH2/fig13.eps>
File: FIGS/CH2/fig14.eps Graphic file (type eps)
 <FIGS/CH2/fig14.eps>
File: FIGS/CH2/fig15.eps Graphic file (type eps)

<FIGS/CH2/fig15.eps>
File: FIGS/CH2/fig16.ps Graphic file (type eps)
 <FIGS/CH2/fig16.ps> [29] [30]
File: FIGS/CH2/fig17.ps Graphic file (type eps)
 <FIGS/CH2/fig17.ps> [31]
[32]
File: FIGS/CH2/fig18.ps Graphic file (type eps)
 <FIGS/CH2/fig18.ps> [33]
File: FIGS/CH2/fig19.ps Graphic file (type eps)
 <FIGS/CH2/fig19.ps> [34] [35]) (./ch3.tex
[36]
CHAPTER 3.
[37

]
File: FIGS/CH3/3inverters.ps Graphic file (type eps)
 <FIGS/CH3/3inverters.ps> [38] [39]
File: FIGS/CH3/3stagering.ps Graphic file (type eps)
 <FIGS/CH3/3stagering.ps>
File: FIGS/CH3/3stage_ring.ps Graphic file (type eps)

<FIGS/CH3/3stage_ring.ps> [40]

LaTeX Warning: Text page 41 contains only floats.

[41] [42]
File: FIGS/CH3/chain2ring.ps Graphic file (type eps)
 <FIGS/CH3/chain2ring.ps> [43]
Overfull \hbox (11.01738pt too wide) in paragraph at lines 153--156
\OT1/cmr/m/n/12 For off-set fre-quen-cies much less than $\OML/cmm/m/it/12 f[]$
\OT1/cmr/m/n/12 , we have $[][][\OML/cmm/m/it/12 ^^Y\OT1/cmr/m/n/12 ^^A\OML/cmm
/m/it/12 f=\OT1/cmr/m/n/12 (2\OML/cmm/m/it/12 f[]\OT1/cmr/m/n/12 )] \OMS/cmsy/m
/n/12 ^^Y \OT1/cmr/m/n/12 [2\OML/cmm/m/it/12 f[]=\OT1/cmr/m/n/12 (\OML/cmm/m/it
/12 ^^Y\OT1/cmr/m/n/12 ^^A\OML/cmm/m/it/12 f\OT1/cmr/m/n/12 )][]$.
 []

File: FIGS/CH3/lowfreqamp.ps Graphic file (type eps)
<FIGS/CH3/lowfreqamp.ps> [44] [45] [46] [47]
File: FIGS/CH3/P2NR2F.eps Graphic file (type eps)
 <FIGS/CH3/P2NR2F.eps>
File: FIGS/a.ps Graphic file (type eps)
 <FIGS/a.ps>
File: FIGS/CH3/spurzoom.eps Graphic file (type eps)

<FIGS/CH3/spurzoom.eps>
File: FIGS/b.ps Graphic file (type eps)
 <FIGS/b.ps>
File: FIGS/CH3/ISF.ps Graphic file (type eps)
 <FIGS/CH3/ISF.ps> [48] [49]

LaTeX Warning: Text page 50 contains only floats.


Overfull \vbox (2.69676pt too high) has occurred while \output is active []


[50]
File: FIGS/CH3/sim9stage.eps Graphic file (type eps)
 <FIGS/CH3/sim9stage.eps>
File: FIGS/a.ps Graphic file (type eps)
 <FIGS/a.ps>
File: FIGS/CH3/sim19stage.eps Graphic file (type eps)
 <FIGS/CH3/sim19stage.eps>
File: FIGS/b.ps Graphic file (type eps)

<FIGS/b.ps> [51]
File: FIGS/CH3/numberofstages2.eps Graphic file (type eps)
 <FIGS/CH3/numberofstages2.eps> [52]
File: FIGS/CH3/compacteq.eps Graphic file (type eps)
 <FIGS/CH3/compacteq.eps>
File: FIGS/CH3/die.eps Graphic file (type eps)

<FIGS/CH3/die.eps> [53]
File: FIGS/CH3/DL.eps Graphic file (type eps)
 <FIGS/CH3/DL.eps> [54]
File: FIGS/CH3/setup.ps Graphic file (type eps)
 <FIGS/CH3/setup.ps>
File: FIGS/CH3/meas9stage.eps Graphic file (type eps)

<FIGS/CH3/meas9stage.eps>
File: FIGS/a.ps Graphic file (type eps)
 <FIGS/a.ps>
File: FIGS/CH3/meas19stage.eps Graphic file (type eps)
 <FIGS/CH3/meas19stage.eps>
File: FIGS/b.ps Graphic file (type eps)
 <FIGS/b.ps>
[55]) (./ch4.tex [56] [57]
CHAPTER 4.
File: FIGS/CH4/genericRX.ps Graphic file (type eps)
<FIGS/CH4/genericRX.ps> [58

]
File: FIGS/CH4/Transformer_topologies.ps Graphic file (type eps)
 <FIGS/CH4/Transformer_topologies.ps>
File: FIGS/CH4/Transformer2D.eps Graphic file (type eps)

<FIGS/CH4/Transformer2D.eps> [59] [60] [61]
File: FIGS/CH4/Architecture_corrected.ps Graphic file (type eps)

<FIGS/CH4/Architecture_corrected.ps> [62]
File: FIGS/CH4/IQMixer.ps Graphic file (type eps)
 <FIGS/CH4/IQMixer.ps>
File: FIGS/CH4/IQMixer2.ps Graphic file (type eps)

<FIGS/CH4/IQMixer2.ps> [63] [64]
File: FIGS/CH4/S1S4.ps Graphic file (type eps)
 <FIGS/CH4/S1S4.ps> [65]
File: FIGS/CH4/spectrumzmix.ps Graphic file (type eps)

<FIGS/CH4/spectrumzmix.ps> [66] [67]
Overfull \hbox (6.88953pt too wide) in paragraph at lines 196--198
\OT1/cmr/m/n/12 As an-other spe-cial case, if the load impedance is a re-sis-to
r, $\OML/cmm/m/it/12 R[]$\OT1/cmr/m/n/12 , the in-put impedance
 []

[68]
File: FIGS/CH4/Rsw.ps Graphic file (type eps)
 <FIGS/CH4/Rsw.ps> [69]
File: FIGS/CH4/spectrumzin.ps Graphic file (type eps)
 <FIGS/CH4/spectrumzin.ps> [70] [71] [72]
File: FIGS/CH4/ntn.ps Graphic file (type eps)

<FIGS/CH4/ntn.ps>
Overfull \hbox (18.55919pt too wide) detected at line 347
\OML/cmm/m/it/12 V[]\OT1/cmr/m/n/12 (\OML/cmm/m/it/12 f\OT1/cmr/m/n/12 ) = \OML
/cmm/m/it/12 I[][] \OMS/cmsy/m/n/12 ^^B []\OML/cmm/m/it/12 :
 []

[73] [74] [75]
Overfull \hbox (10.04329pt too wide) detected at line 432
[] \OT1/cmr/m/n/12 = [][] [] [] [] \OML/cmm/m/it/12 :
 []

[76]
File: FIGS/CH4/Mixer.ps Graphic file (type eps)
 <FIGS/CH4/Mixer.ps> [77] [78] [79]
File: FIGS/CH4/Biquad.ps Graphic file (type eps)
 <FIGS/CH4/Biquad.ps> [80]
File: FIGS/CH4/Filter.ps Graphic file (type eps)

<FIGS/CH4/Filter.ps> [81] [82]
File: FIGS/CH4/die.eps Graphic file (type eps)
 <FIGS/CH4/die.eps>
File: FIGS/CH4/nf.eps Graphic file (type eps)
 <FIGS/CH4/nf.eps>
File: FIGS/CH4/65dBm3_0002.eps Graphic file (type eps)

<FIGS/CH4/65dBm3_0002.eps> [83]
File: FIGS/CH4/s11_2.eps Graphic file (type eps)
 <FIGS/CH4/s11_2.eps>
File: FIGS/CH4/sensitivity.eps Graphic file (type eps)

<FIGS/CH4/sensitivity.eps>
File: FIGS/CH4/gainvsf.eps Graphic file (type eps)
 <FIGS/CH4/gainvsf.eps>
File: FIGS/CH4/gain.eps Graphic file (type eps)
 <FIGS/CH4/gain.eps>
File: FIGS/CH4/gainblocker.eps Graphic file (type eps)

<FIGS/CH4/gainblocker.eps> [84]

LaTeX Warning: Text page 85 contains only floats.

[85] [86]
File: FIGS/CH4/interferer_rejection.eps Graphic file (type eps)
 <FIGS/CH4/interferer_rejection.eps> [87]
File: FIGS/CH4/evm_AGC.eps Graphic file (type eps)
 <FIGS/CH4/evm_AGC.eps>
[88]
File: FIGS/CH4/table.ps Graphic file (type eps)
 <FIGS/CH4/table.ps> [89] [90] [91]) (./ch5.tex [92]
CHAPTER 5.
) (./thesis.bbl [93

]
Underfull \hbox (badness 1394) in paragraph at lines 36--38
[]\OT1/cmr/m/n/12 I. Thomp-son and P. V. Bren-nan, ``Phase noise con-tri-bu-tio
n of the
 []

[94

] [95]
Underfull \hbox (badness 3635) in paragraph at lines 117--120
[]\OT1/cmr/m/n/12 T. Maeda et al., ``Low-power-consumption direct-conversion CM
OS
 []

) [96] (./thesis.aux)

LaTeX Warning: There were multiply-defined labels.

 ) 
Here is how much of TeX's memory you used:
 2820 strings out of 94501
 32571 string characters out of 1176789
 89302 words of memory out of 1000000
 5843 multiletter control sequences out of 10000+50000
 12812 words of font info for 49 fonts, out of 500000 for 2000
 580 hyphenation exceptions out of 1000
 32i,12n,24p,545b,277s stack positions out of 1500i,500n,5000p,200000b,5000s

Output written on thesis.dvi (113 pages, 257556 bytes).
